<?xml version="1.0" encoding="UTF-8"?>
<!-- Generated by org.testng.reporters.JUnitXMLReporter -->
<testsuite ignored="0" hostname="DESKTOP-3N7FDE7" failures="0" tests="107" name="Surefire test" time="28.572" errors="0" timestamp="2025-05-30T15:38:32 IST">
  <testcase classname="com.airtech.qa.testcases.AddressPageTest" name="@BeforeTest setup" time="5.688">
    <failure type="org.openqa.selenium.NoSuchWindowException" message="no such window: target window already closed
from unknown error: web view not found
  (Session info: chrome=136.0.7103.114)
Build info: version: &amp;apos;4.21.0&amp;apos;, revision: &amp;apos;79ed462ef4&amp;apos;
System info: os.name: &amp;apos;Windows 11&amp;apos;, os.arch: &amp;apos;amd64&amp;apos;, os.version: &amp;apos;10.0&amp;apos;, java.version: &amp;apos;23.0.1&amp;apos;
Driver info: org.openqa.selenium.chrome.ChromeDriver
Command: [7a14c8bb9ce96e94393c8549cb34d50e, maximizeCurrentWindow {}]
Capabilities {acceptInsecureCerts: false, browserName: chrome, browserVersion: 136.0.7103.114, chrome: {chromedriverVersion: 136.0.7103.113 (76fa3c17824..., userDataDir: C:\Users\CYBRAI~2\AppData\L...}, fedcm:accounts: true, goog:chromeOptions: {debuggerAddress: localhost:55747}, networkConnectionEnabled: false, pageLoadStrategy: normal, platformName: windows, proxy: Proxy(), se:cdp: ws://localhost:55747/devtoo..., se:cdpVersion: 136.0.7103.114, setWindowRect: true, strictFileInteractability: false, timeouts: {implicit: 0, pageLoad: 300000, script: 30000}, unhandledPromptBehavior: dismiss and notify, webauthn:extension:credBlob: true, webauthn:extension:largeBlob: true, webauthn:extension:minPinLength: true, webauthn:extension:prf: true, webauthn:virtualAuthenticators: true}
Session ID: 7a14c8bb9ce96e94393c8549cb34d50e">
      <![CDATA[org.openqa.selenium.NoSuchWindowException: no such window: target window already closed
from unknown error: web view not found
  (Session info: chrome=136.0.7103.114)
Build info: version: '4.21.0', revision: '79ed462ef4'
System info: os.name: 'Windows 11', os.arch: 'amd64', os.version: '10.0', java.version: '23.0.1'
Driver info: org.openqa.selenium.chrome.ChromeDriver
Command: [7a14c8bb9ce96e94393c8549cb34d50e, maximizeCurrentWindow {}]
Capabilities {acceptInsecureCerts: false, browserName: chrome, browserVersion: 136.0.7103.114, chrome: {chromedriverVersion: 136.0.7103.113 (76fa3c17824..., userDataDir: C:\Users\CYBRAI~2\AppData\L...}, fedcm:accounts: true, goog:chromeOptions: {debuggerAddress: localhost:55747}, networkConnectionEnabled: false, pageLoadStrategy: normal, platformName: windows, proxy: Proxy(), se:cdp: ws://localhost:55747/devtoo..., se:cdpVersion: 136.0.7103.114, setWindowRect: true, strictFileInteractability: false, timeouts: {implicit: 0, pageLoad: 300000, script: 30000}, unhandledPromptBehavior: dismiss and notify, webauthn:extension:credBlob: true, webauthn:extension:largeBlob: true, webauthn:extension:minPinLength: true, webauthn:extension:prf: true, webauthn:virtualAuthenticators: true}
Session ID: 7a14c8bb9ce96e94393c8549cb34d50e
at org.openqa.selenium.remote.ErrorCodec.decode(ErrorCodec.java:167)
at org.openqa.selenium.remote.codec.w3c.W3CHttpResponseCodec.decode(W3CHttpResponseCodec.java:138)
at org.openqa.selenium.remote.codec.w3c.W3CHttpResponseCodec.decode(W3CHttpResponseCodec.java:50)
at org.openqa.selenium.remote.HttpCommandExecutor.execute(HttpCommandExecutor.java:190)
at org.openqa.selenium.remote.service.DriverCommandExecutor.invokeExecute(DriverCommandExecutor.java:216)
at org.openqa.selenium.remote.service.DriverCommandExecutor.execute(DriverCommandExecutor.java:174)
at org.openqa.selenium.remote.RemoteWebDriver.execute(RemoteWebDriver.java:518)
at org.openqa.selenium.remote.RemoteWebDriver.execute(RemoteWebDriver.java:591)
at org.openqa.selenium.remote.RemoteWebDriver.execute(RemoteWebDriver.java:595)
at org.openqa.selenium.remote.RemoteWebDriver$RemoteWebDriverOptions$RemoteWindow.maximize(RemoteWebDriver.java:1034)
at com.airtech.qa.base.BaseClass.initialization(BaseClass.java:61)
at com.airtech.qa.testcases.AddressPageTest.setup(AddressPageTest.java:32)
... Removed 30 stack frames]]>
    </failure>
  </testcase> <!-- @BeforeTest setup -->
  <testcase classname="com.airtech.qa.testcases.CartPageTest" name="@BeforeTest setup" time="0.0">
    <skipped/>
  </testcase> <!-- @BeforeTest setup -->
  <testcase classname="com.airtech.qa.testcases.CheckOutPageTest" name="@BeforeTest setup" time="0.0">
    <skipped/>
  </testcase> <!-- @BeforeTest setup -->
  <testcase classname="com.airtech.qa.testcases.ComparePageTest" name="@BeforeTest setup" time="0.0">
    <skipped/>
  </testcase> <!-- @BeforeTest setup -->
  <testcase classname="com.airtech.qa.testcases.ContactPageTest" name="@BeforeTest setup" time="0.0">
    <skipped/>
  </testcase> <!-- @BeforeTest setup -->
  <testcase classname="com.airtech.qa.testcases.ForgotPasswordTest" name="@BeforeTest setup" time="0.0">
    <skipped/>
  </testcase> <!-- @BeforeTest setup -->
  <testcase classname="com.airtech.qa.testcases.MyWishListPageTest" name="@BeforeTest setup" time="0.0">
    <skipped/>
  </testcase> <!-- @BeforeTest setup -->
  <testcase classname="com.airtech.qa.testcases.NewsLetterTest" name="@BeforeTest setup" time="0.0">
    <skipped/>
  </testcase> <!-- @BeforeTest setup -->
  <testcase classname="com.airtech.qa.testcases.OrderPageTest" name="@BeforeTest setup" time="0.0">
    <skipped/>
  </testcase> <!-- @BeforeTest setup -->
  <testcase classname="com.airtech.qa.testcases.ProductDetailPageTest" name="@BeforeTest setup" time="0.0">
    <skipped/>
  </testcase> <!-- @BeforeTest setup -->
  <testcase classname="com.airtech.qa.testcases.ProductPageTest" name="@BeforeTest setup" time="0.0">
    <skipped/>
  </testcase> <!-- @BeforeTest setup -->
  <testcase classname="com.airtech.qa.testcases.ProfilePageTest" name="@BeforeTest setup" time="0.0">
    <skipped/>
  </testcase> <!-- @BeforeTest setup -->
  <testcase classname="com.airtech.qa.testcases.RegistrationPageTest" name="@BeforeTest setup" time="0.0">
    <skipped/>
  </testcase> <!-- @BeforeTest setup -->
  <testcase classname="com.airtech.qa.testcases.LoginPageTest" name="@BeforeMethod setup" time="0.0">
    <skipped/>
  </testcase> <!-- @BeforeMethod setup -->
  <testcase classname="com.airtech.qa.testcases.LoginPageTest" name="@AfterMethod teardown" time="0.0">
    <skipped/>
  </testcase> <!-- @AfterMethod teardown -->
  <testcase classname="com.airtech.qa.testcases.LoginPageTest" name="@BeforeMethod setup" time="0.0">
    <skipped/>
  </testcase> <!-- @BeforeMethod setup -->
  <testcase classname="com.airtech.qa.testcases.LoginPageTest" name="@AfterMethod teardown" time="0.0">
    <skipped/>
  </testcase> <!-- @AfterMethod teardown -->
  <testcase classname="com.airtech.qa.testcases.LoginPageTest" name="@BeforeMethod setup" time="0.0">
    <skipped/>
  </testcase> <!-- @BeforeMethod setup -->
  <testcase classname="com.airtech.qa.testcases.LoginPageTest" name="@AfterMethod teardown" time="0.0">
    <skipped/>
  </testcase> <!-- @AfterMethod teardown -->
  <testcase classname="com.airtech.qa.testcases.LoginPageTest" name="@BeforeMethod setup" time="0.0">
    <skipped/>
  </testcase> <!-- @BeforeMethod setup -->
  <testcase classname="com.airtech.qa.testcases.LoginPageTest" name="@AfterMethod teardown" time="0.0">
    <skipped/>
  </testcase> <!-- @AfterMethod teardown -->
  <testcase classname="com.airtech.qa.testcases.LoginPageTest" name="@BeforeMethod setup" time="0.0">
    <skipped/>
  </testcase> <!-- @BeforeMethod setup -->
  <testcase classname="com.airtech.qa.testcases.LoginPageTest" name="@AfterMethod teardown" time="0.0">
    <skipped/>
  </testcase> <!-- @AfterMethod teardown -->
  <testcase classname="com.airtech.qa.testcases.LoginPageTest" name="@BeforeMethod setup" time="0.0">
    <skipped/>
  </testcase> <!-- @BeforeMethod setup -->
  <testcase classname="com.airtech.qa.testcases.LoginPageTest" name="@AfterMethod teardown" time="0.0">
    <skipped/>
  </testcase> <!-- @AfterMethod teardown -->
  <testcase classname="com.airtech.qa.testcases.AccountInfoPageTest" name="@AfterTest teardown" time="0.0">
    <skipped/>
  </testcase> <!-- @AfterTest teardown -->
  <testcase classname="com.airtech.qa.testcases.AddressPageTest" name="@AfterTest teardown" time="0.0">
    <skipped/>
  </testcase> <!-- @AfterTest teardown -->
  <testcase classname="com.airtech.qa.testcases.CartPageTest" name="@AfterTest teardown" time="0.0">
    <skipped/>
  </testcase> <!-- @AfterTest teardown -->
  <testcase classname="com.airtech.qa.testcases.CheckOutPageTest" name="@AfterTest teardown" time="0.0">
    <skipped/>
  </testcase> <!-- @AfterTest teardown -->
  <testcase classname="com.airtech.qa.testcases.ComparePageTest" name="@AfterTest teardown" time="0.0">
    <skipped/>
  </testcase> <!-- @AfterTest teardown -->
  <testcase classname="com.airtech.qa.testcases.ContactPageTest" name="@AfterTest teardown" time="0.0">
    <skipped/>
  </testcase> <!-- @AfterTest teardown -->
  <testcase classname="com.airtech.qa.testcases.ForgotPasswordTest" name="@AfterTest teardown" time="0.0">
    <skipped/>
  </testcase> <!-- @AfterTest teardown -->
  <testcase classname="com.airtech.qa.testcases.MyWishListPageTest" name="@AfterTest teardown" time="0.0">
    <skipped/>
  </testcase> <!-- @AfterTest teardown -->
  <testcase classname="com.airtech.qa.testcases.NewsLetterTest" name="@AfterTest teardown" time="0.0">
    <skipped/>
  </testcase> <!-- @AfterTest teardown -->
  <testcase classname="com.airtech.qa.testcases.OrderPageTest" name="@AfterTest Teardown" time="0.0">
    <skipped/>
  </testcase> <!-- @AfterTest Teardown -->
  <testcase classname="com.airtech.qa.testcases.ProductDetailPageTest" name="@AfterTest teardown" time="0.0">
    <skipped/>
  </testcase> <!-- @AfterTest teardown -->
  <testcase classname="com.airtech.qa.testcases.ProductPageTest" name="@AfterTest teardown" time="0.0">
    <skipped/>
  </testcase> <!-- @AfterTest teardown -->
  <testcase classname="com.airtech.qa.testcases.ProfilePageTest" name="@AfterTest teardown" time="0.0">
    <skipped/>
  </testcase> <!-- @AfterTest teardown -->
  <testcase classname="com.airtech.qa.testcases.RegistrationPageTest" name="@AfterTest teardown" time="0.0">
    <skipped/>
  </testcase> <!-- @AfterTest teardown -->
  <testcase classname="com.airtech.qa.testcases.AccountInfoPageTest" name="AccountInfoTest" time="0.0">
    <skipped/>
  </testcase> <!-- AccountInfoTest -->
  <testcase classname="com.airtech.qa.testcases.AccountInfoPageTest" name="ChangeEmailTest" time="0.0">
    <skipped/>
  </testcase> <!-- ChangeEmailTest -->
  <testcase classname="com.airtech.qa.testcases.AccountInfoPageTest" name="PasswordMeterTest" time="0.0">
    <skipped/>
  </testcase> <!-- PasswordMeterTest -->
  <testcase classname="com.airtech.qa.testcases.AccountInfoPageTest" name="ShowPasswordTest" time="0.001">
    <skipped/>
  </testcase> <!-- ShowPasswordTest -->
  <testcase classname="com.airtech.qa.testcases.AccountInfoPageTest" name="SaveInfoTest" time="0.001">
    <skipped/>
  </testcase> <!-- SaveInfoTest -->
  <testcase classname="com.airtech.qa.testcases.AddressPageTest" name="Addressbookclick" time="0.0">
    <skipped/>
  </testcase> <!-- Addressbookclick -->
  <testcase classname="com.airtech.qa.testcases.AddressPageTest" name="ChangeshipTest" time="0.0">
    <skipped/>
  </testcase> <!-- ChangeshipTest -->
  <testcase classname="com.airtech.qa.testcases.AddressPageTest" name="ChangebillTest" time="0.0">
    <skipped/>
  </testcase> <!-- ChangebillTest -->
  <testcase classname="com.airtech.qa.testcases.AddressPageTest" name="IsadditionaladdDisplayed" time="0.0">
    <skipped/>
  </testcase> <!-- IsadditionaladdDisplayed -->
  <testcase classname="com.airtech.qa.testcases.AddressPageTest" name="NewAddbtnClick" time="0.003">
    <skipped/>
  </testcase> <!-- NewAddbtnClick -->
  <testcase classname="com.airtech.qa.testcases.AddressPageTest" name="AddnewAddressTest" time="0.0">
    <skipped/>
  </testcase> <!-- AddnewAddressTest -->
  <testcase classname="com.airtech.qa.testcases.CartPageTest" name="IsSubTotalDisplayed" time="0.0">
    <skipped/>
  </testcase> <!-- IsSubTotalDisplayed -->
  <testcase classname="com.airtech.qa.testcases.CartPageTest" name="IsTaxDisplayed" time="0.0">
    <skipped/>
  </testcase> <!-- IsTaxDisplayed -->
  <testcase classname="com.airtech.qa.testcases.CartPageTest" name="IsTotalPriceDisplayed" time="0.0">
    <skipped/>
  </testcase> <!-- IsTotalPriceDisplayed -->
  <testcase classname="com.airtech.qa.testcases.CartPageTest" name="UpdateCartTest" time="0.0">
    <skipped/>
  </testcase> <!-- UpdateCartTest -->
  <testcase classname="com.airtech.qa.testcases.CartPageTest" name="CartTextTest" time="0.0">
    <skipped/>
  </testcase> <!-- CartTextTest -->
  <testcase classname="com.airtech.qa.testcases.CartPageTest" name="IsDiscountDisplayed" time="0.0">
    <skipped/>
  </testcase> <!-- IsDiscountDisplayed -->
  <testcase classname="com.airtech.qa.testcases.CartPageTest" name="EditTest" time="0.0">
    <skipped/>
  </testcase> <!-- EditTest -->
  <testcase classname="com.airtech.qa.testcases.CartPageTest" name="ProductQuantityTest" time="0.0">
    <skipped/>
  </testcase> <!-- ProductQuantityTest -->
  <testcase classname="com.airtech.qa.testcases.CartPageTest" name="ProdremoveTest" time="0.0">
    <skipped/>
  </testcase> <!-- ProdremoveTest -->
  <testcase classname="com.airtech.qa.testcases.CheckOutPageTest" name="ShippingAddressFieldsTest" time="0.0">
    <skipped/>
  </testcase> <!-- ShippingAddressFieldsTest -->
  <testcase classname="com.airtech.qa.testcases.CheckOutPageTest" name="Createaccounttest" time="0.0">
    <skipped/>
  </testcase> <!-- Createaccounttest -->
  <testcase classname="com.airtech.qa.testcases.CheckOutPageTest" name="BillingAddressFields" time="0.0">
    <skipped/>
  </testcase> <!-- BillingAddressFields -->
  <testcase classname="com.airtech.qa.testcases.CheckOutPageTest" name="PlaceOrderTest" time="0.0">
    <skipped/>
  </testcase> <!-- PlaceOrderTest -->
  <testcase classname="com.airtech.qa.testcases.CheckOutPageTest" name="ShippingBillingSameTest" time="0.0">
    <skipped/>
  </testcase> <!-- ShippingBillingSameTest -->
  <testcase classname="com.airtech.qa.testcases.CheckOutPageTest" name="PaymentMethodsTest" time="0.0">
    <skipped/>
  </testcase> <!-- PaymentMethodsTest -->
  <testcase classname="com.airtech.qa.testcases.CheckOutPageTest" name="ProductSummaryTest" time="0.0">
    <skipped/>
  </testcase> <!-- ProductSummaryTest -->
  <testcase classname="com.airtech.qa.testcases.CheckOutPageTest" name="ProductPricingTest" time="0.0">
    <skipped/>
  </testcase> <!-- ProductPricingTest -->
  <testcase classname="com.airtech.qa.testcases.ComparePageTest" name="ClickProductTest" time="0.0">
    <skipped/>
  </testcase> <!-- ClickProductTest -->
  <testcase classname="com.airtech.qa.testcases.ComparePageTest" name="ClickWishlistTest" time="0.0">
    <skipped/>
  </testcase> <!-- ClickWishlistTest -->
  <testcase classname="com.airtech.qa.testcases.ComparePageTest" name="IsContentsDisplayed" time="0.0">
    <skipped/>
  </testcase> <!-- IsContentsDisplayed -->
  <testcase classname="com.airtech.qa.testcases.ComparePageTest" name="addtoCartTest" time="0.0">
    <skipped/>
  </testcase> <!-- addtoCartTest -->
  <testcase classname="com.airtech.qa.testcases.ComparePageTest" name="removeProductTest" time="0.0">
    <skipped/>
  </testcase> <!-- removeProductTest -->
  <testcase classname="com.airtech.qa.testcases.ContactPageTest" name="NameTest" time="0.0">
    <skipped/>
  </testcase> <!-- NameTest -->
  <testcase classname="com.airtech.qa.testcases.ContactPageTest" name="ContactbtnTest" time="0.0">
    <skipped/>
  </testcase> <!-- ContactbtnTest -->
  <testcase classname="com.airtech.qa.testcases.ContactPageTest" name="ContactAllNegativeTest" time="0.0">
    <skipped/>
  </testcase> <!-- ContactAllNegativeTest -->
  <testcase classname="com.airtech.qa.testcases.ContactPageTest" name="InvalidEmailTest" time="0.0">
    <skipped/>
  </testcase> <!-- InvalidEmailTest -->
  <testcase classname="com.airtech.qa.testcases.ForgotPasswordTest" name="ForgotTest" time="0.0">
    <skipped/>
  </testcase> <!-- ForgotTest -->
  <testcase classname="com.airtech.qa.testcases.ForgotPasswordTest" name="ResetTest" time="0.0">
    <skipped/>
  </testcase> <!-- ResetTest -->
  <testcase classname="com.airtech.qa.testcases.LoginPageTest" name="LoginTextTest" time="0.001">
    <skipped/>
  </testcase> <!-- LoginTextTest -->
  <testcase classname="com.airtech.qa.testcases.LoginPageTest" name="ValidationTest" time="0.0">
    <skipped/>
  </testcase> <!-- ValidationTest -->
  <testcase classname="com.airtech.qa.testcases.LoginPageTest" name="registertest" time="0.001">
    <skipped/>
  </testcase> <!-- registertest -->
  <testcase classname="com.airtech.qa.testcases.LoginPageTest" name="ForgotPasswordTest" time="0.0">
    <skipped/>
  </testcase> <!-- ForgotPasswordTest -->
  <testcase classname="com.airtech.qa.testcases.LoginPageTest" name="ToggleTest" time="0.0">
    <skipped/>
  </testcase> <!-- ToggleTest -->
  <testcase classname="com.airtech.qa.testcases.LoginPageTest" name="logintest" time="0.0">
    <skipped/>
  </testcase> <!-- logintest -->
  <testcase classname="com.airtech.qa.testcases.MyWishListPageTest" name="MyWishlistTest" time="0.0">
    <skipped/>
  </testcase> <!-- MyWishlistTest -->
  <testcase classname="com.airtech.qa.testcases.MyWishListPageTest" name="ShowTest" time="0.0">
    <skipped/>
  </testcase> <!-- ShowTest -->
  <testcase classname="com.airtech.qa.testcases.MyWishListPageTest" name="EditTest" time="0.0">
    <skipped/>
  </testcase> <!-- EditTest -->
  <testcase classname="com.airtech.qa.testcases.MyWishListPageTest" name="commenttest" time="0.0">
    <skipped/>
  </testcase> <!-- commenttest -->
  <testcase classname="com.airtech.qa.testcases.MyWishListPageTest" name="quantityTest" time="0.0">
    <skipped/>
  </testcase> <!-- quantityTest -->
  <testcase classname="com.airtech.qa.testcases.MyWishListPageTest" name="ShareWishTest" time="0.0">
    <skipped/>
  </testcase> <!-- ShareWishTest -->
  <testcase classname="com.airtech.qa.testcases.MyWishListPageTest" name="AddtoCartTest" time="0.0">
    <skipped/>
  </testcase> <!-- AddtoCartTest -->
  <testcase classname="com.airtech.qa.testcases.MyWishListPageTest" name="ValidationTest" time="0.0">
    <skipped/>
  </testcase> <!-- ValidationTest -->
  <testcase classname="com.airtech.qa.testcases.MyWishListPageTest" name="removebtntest" time="0.0">
    <skipped/>
  </testcase> <!-- removebtntest -->
  <testcase classname="com.airtech.qa.testcases.NewsLetterTest" name="NewsLetterVisibleTest" time="0.0">
    <skipped/>
  </testcase> <!-- NewsLetterVisibleTest -->
  <testcase classname="com.airtech.qa.testcases.NewsLetterTest" name="SaveNewsTest" time="0.0">
    <skipped/>
  </testcase> <!-- SaveNewsTest -->
  <testcase classname="com.airtech.qa.testcases.OrderPageTest" name="OrdersheadTest" time="0.0">
    <skipped/>
  </testcase> <!-- OrdersheadTest -->
  <testcase classname="com.airtech.qa.testcases.OrderPageTest" name="ViewOrderTest" time="0.0">
    <skipped/>
  </testcase> <!-- ViewOrderTest -->
  <testcase classname="com.airtech.qa.testcases.OrderPageTest" name="PriceTest" time="0.0">
    <skipped/>
  </testcase> <!-- PriceTest -->
  <testcase classname="com.airtech.qa.testcases.OrderPageTest" name="OrderShipmentTest" time="0.0">
    <skipped/>
  </testcase> <!-- OrderShipmentTest -->
  <testcase classname="com.airtech.qa.testcases.OrderPageTest" name="TrackShipmentTest" time="0.0">
    <skipped/>
  </testcase> <!-- TrackShipmentTest -->
  <testcase classname="com.airtech.qa.testcases.OrderPageTest" name="CartPageTest" time="0.0">
    <skipped/>
  </testcase> <!-- CartPageTest -->
  <testcase classname="com.airtech.qa.testcases.ProductDetailPageTest" name="IsdetailDisplayed" time="0.0">
    <skipped/>
  </testcase> <!-- IsdetailDisplayed -->
  <testcase classname="com.airtech.qa.testcases.ProductDetailPageTest" name="IsMoreInfoDisplayed" time="0.0">
    <skipped/>
  </testcase> <!-- IsMoreInfoDisplayed -->
  <testcase classname="com.airtech.qa.testcases.ProductDetailPageTest" name="IsReviewDisplayed" time="0.0">
    <skipped/>
  </testcase> <!-- IsReviewDisplayed -->
  <testcase classname="com.airtech.qa.testcases.ProductDetailPageTest" name="IsPriceDisplayed" time="0.0">
    <skipped/>
  </testcase> <!-- IsPriceDisplayed -->
  <testcase classname="com.airtech.qa.testcases.ProductDetailPageTest" name="IsProductNameDisplayed" time="0.0">
    <skipped/>
  </testcase> <!-- IsProductNameDisplayed -->
  <testcase classname="com.airtech.qa.testcases.ProductDetailPageTest" name="IsReviewGivenDisplayed" time="0.0">
    <skipped/>
  </testcase> <!-- IsReviewGivenDisplayed -->
  <testcase classname="com.airtech.qa.testcases.ProductDetailPageTest" name="IsDescDisplayed" time="0.0">
    <skipped/>
  </testcase> <!-- IsDescDisplayed -->
  <testcase classname="com.airtech.qa.testcases.ProductDetailPageTest" name="IsStockSKUDisplayed" time="0.0">
    <skipped/>
  </testcase> <!-- IsStockSKUDisplayed -->
  <testcase classname="com.airtech.qa.testcases.ProductDetailPageTest" name="IsStockDisplayed" time="0.0">
    <skipped/>
  </testcase> <!-- IsStockDisplayed -->
  <testcase classname="com.airtech.qa.testcases.ProductDetailPageTest" name="IsIncrementDisplayed" time="0.0">
    <skipped/>
  </testcase> <!-- IsIncrementDisplayed -->
  <testcase classname="com.airtech.qa.testcases.ProductDetailPageTest" name="nextproductTest" time="0.0">
    <skipped/>
  </testcase> <!-- nextproductTest -->
  <testcase classname="com.airtech.qa.testcases.ProductDetailPageTest" name="previousproductTest" time="0.0">
    <skipped/>
  </testcase> <!-- previousproductTest -->
  <testcase classname="com.airtech.qa.testcases.ProductDetailPageTest" name="QuantityIncrementTest" time="0.0">
    <skipped/>
  </testcase> <!-- QuantityIncrementTest -->
  <testcase classname="com.airtech.qa.testcases.ProductDetailPageTest" name="QuantityDecrementTest" time="0.0">
    <skipped/>
  </testcase> <!-- QuantityDecrementTest -->
  <testcase classname="com.airtech.qa.testcases.ProductDetailPageTest" name="CartSuccessTest" time="0.0">
    <skipped/>
  </testcase> <!-- CartSuccessTest -->
  <testcase classname="com.airtech.qa.testcases.ProductDetailPageTest" name="CompareSuccessTest" time="0.0">
    <skipped/>
  </testcase> <!-- CompareSuccessTest -->
  <testcase classname="com.airtech.qa.testcases.ProductDetailPageTest" name="WishListFailureTest" time="0.0">
    <skipped/>
  </testcase> <!-- WishListFailureTest -->
  <testcase classname="com.airtech.qa.testcases.ProductDetailPageTest" name="WishListSuccessTest" time="0.0">
    <skipped/>
  </testcase> <!-- WishListSuccessTest -->
  <testcase classname="com.airtech.qa.testcases.ProductPageTest" name="CartPageTest" time="0.0">
    <skipped/>
  </testcase> <!-- CartPageTest -->
  <testcase classname="com.airtech.qa.testcases.ProductPageTest" name="CloseCartTest" time="0.0">
    <skipped/>
  </testcase> <!-- CloseCartTest -->
  <testcase classname="com.airtech.qa.testcases.ProductPageTest" name="ProductDetailTest" time="0.0">
    <skipped/>
  </testcase> <!-- ProductDetailTest -->
  <testcase classname="com.airtech.qa.testcases.ProductPageTest" name="SortToggleTest" time="0.0">
    <skipped/>
  </testcase> <!-- SortToggleTest -->
  <testcase classname="com.airtech.qa.testcases.ProductPageTest" name="IsCategoryDisplayed" time="0.0">
    <skipped/>
  </testcase> <!-- IsCategoryDisplayed -->
  <testcase classname="com.airtech.qa.testcases.ProductPageTest" name="IsShowDisplayed" time="0.0">
    <skipped/>
  </testcase> <!-- IsShowDisplayed -->
  <testcase classname="com.airtech.qa.testcases.ProductPageTest" name="SortByPriceTest" time="0.0">
    <skipped/>
  </testcase> <!-- SortByPriceTest -->
  <testcase classname="com.airtech.qa.testcases.ProductPageTest" name="SortByNameTest" time="0.0">
    <skipped/>
  </testcase> <!-- SortByNameTest -->
  <testcase classname="com.airtech.qa.testcases.ProductPageTest" name="ShowItemsTest" time="0.0">
    <skipped/>
  </testcase> <!-- ShowItemsTest -->
  <testcase classname="com.airtech.qa.testcases.ProductPageTest" name="QuickgotoprodTest" time="0.0">
    <skipped/>
  </testcase> <!-- QuickgotoprodTest -->
  <testcase classname="com.airtech.qa.testcases.ProductPageTest" name="QuickShopTest" time="0.0">
    <skipped/>
  </testcase> <!-- QuickShopTest -->
  <testcase classname="com.airtech.qa.testcases.ProductPageTest" name="QuickCheckoutTest" time="0.0">
    <skipped/>
  </testcase> <!-- QuickCheckoutTest -->
  <testcase classname="com.airtech.qa.testcases.ProductPageTest" name="checkAllCategoriesTest" time="0.0">
    <skipped/>
  </testcase> <!-- checkAllCategoriesTest -->
  <testcase classname="com.airtech.qa.testcases.ProductPageTest" name="checkAllPriceCategoriesTest" time="0.0">
    <skipped/>
  </testcase> <!-- checkAllPriceCategoriesTest -->
  <testcase classname="com.airtech.qa.testcases.ProductPageTest" name="WishListSuccessTest" time="0.0">
    <skipped/>
  </testcase> <!-- WishListSuccessTest -->
  <testcase classname="com.airtech.qa.testcases.ProfilePageTest" name="AllOrdersTest" time="0.0">
    <skipped/>
  </testcase> <!-- AllOrdersTest -->
  <testcase classname="com.airtech.qa.testcases.ProfilePageTest" name="ChangePassTest" time="0.0">
    <skipped/>
  </testcase> <!-- ChangePassTest -->
  <testcase classname="com.airtech.qa.testcases.ProfilePageTest" name="IsEditPassDisplayed" time="0.0">
    <skipped/>
  </testcase> <!-- IsEditPassDisplayed -->
  <testcase classname="com.airtech.qa.testcases.ProfilePageTest" name="ManageAdressTest" time="0.0">
    <skipped/>
  </testcase> <!-- ManageAdressTest -->
  <testcase classname="com.airtech.qa.testcases.ProfilePageTest" name="MenusDisplayed" time="0.0">
    <skipped/>
  </testcase> <!-- MenusDisplayed -->
  <testcase classname="com.airtech.qa.testcases.ProfilePageTest" name="NewsletterTest" time="0.0">
    <skipped/>
  </testcase> <!-- NewsletterTest -->
  <testcase classname="com.airtech.qa.testcases.ProfilePageTest" name="ReOrderTest" time="0.0">
    <skipped/>
  </testcase> <!-- ReOrderTest -->
  <testcase classname="com.airtech.qa.testcases.ProfilePageTest" name="ViewOrdersTest" time="0.0">
    <skipped/>
  </testcase> <!-- ViewOrdersTest -->
  <testcase classname="com.airtech.qa.testcases.RegistrationPageTest" name="RegistrationTest" time="0.0">
    <skipped/>
  </testcase> <!-- RegistrationTest -->
  <testcase classname="com.airtech.qa.testcases.RegistrationPageTest" name="ValidationTest" time="0.0">
    <skipped/>
  </testcase> <!-- ValidationTest -->
  <testcase classname="com.airtech.qa.testcases.RegistrationPageTest" name="PasswordMeterTest" time="0.0">
    <skipped/>
  </testcase> <!-- PasswordMeterTest -->
  <testcase classname="com.airtech.qa.testcases.RegistrationPageTest" name="PasswordToggleTest" time="0.0">
    <skipped/>
  </testcase> <!-- PasswordToggleTest -->
</testsuite> <!-- Surefire test -->
