<?xml version="1.0" encoding="UTF-8"?>
<!-- Generated by org.testng.reporters.JUnitReportReporter -->
<testsuite hostname="DESKTOP-3N7FDE7" failures="0" tests="15" name="com.airtech.qa.testcases.ProductPageTest" time="163.327" errors="1" timestamp="2025-08-21T11:05:24 IST" skipped="0">
  <testcase classname="com.airtech.qa.testcases.ProductPageTest" name="CloseCartTest" time="0.251"/>
  <testcase classname="com.airtech.qa.testcases.ProductPageTest" name="SortToggleTest" time="0.063"/>
  <testcase classname="com.airtech.qa.testcases.ProductPageTest" name="ProductDetailTest" time="4.681"/>
  <testcase classname="com.airtech.qa.testcases.ProductPageTest" name="CartPageTest" time="3.664"/>
  <testcase classname="com.airtech.qa.testcases.ProductPageTest" name="IsCategoryDisplayed" time="0.472"/>
  <testcase classname="com.airtech.qa.testcases.ProductPageTest" name="IsShowDisplayed" time="0.042"/>
  <testcase classname="com.airtech.qa.testcases.ProductPageTest" name="SortByPriceTest" time="1.692"/>
  <testcase classname="com.airtech.qa.testcases.ProductPageTest" name="SortByNameTest" time="2.042"/>
  <testcase classname="com.airtech.qa.testcases.ProductPageTest" name="ShowItemsTest" time="5.488"/>
  <testcase classname="com.airtech.qa.testcases.ProductPageTest" name="QuickgotoprodTest" time="7.702"/>
  <testcase classname="com.airtech.qa.testcases.ProductPageTest" name="QuickShopTest" time="4.909"/>
  <testcase classname="com.airtech.qa.testcases.ProductPageTest" name="QuickCheckoutTest" time="10.063"/>
  <testcase classname="com.airtech.qa.testcases.ProductPageTest" name="checkAllCategoriesTest" time="80.407"/>
  <testcase classname="com.airtech.qa.testcases.ProductPageTest" name="checkAllPriceCategoriesTest" time="30.987">
    <error message="No valid number found in category text: " type="java.lang.RuntimeException">
      <![CDATA[java.lang.RuntimeException: No valid number found in category text: 
at com.airtech.qa.testcases.ProductPageTest.checkAllPriceCategoriesTest(ProductPageTest.java:189)
at java.base/jdk.internal.reflect.DirectMethodHandleAccessor.invoke(DirectMethodHandleAccessor.java:103)
at java.base/java.lang.reflect.Method.invoke(Method.java:580)
at org.testng.internal.invokers.MethodInvocationHelper.invokeMethod(MethodInvocationHelper.java:141)
at org.testng.internal.invokers.TestInvoker.invokeMethod(TestInvoker.java:686)
at org.testng.internal.invokers.TestInvoker.invokeTestMethod(TestInvoker.java:230)
at org.testng.internal.invokers.MethodRunner.runInSequence(MethodRunner.java:63)
at org.testng.internal.invokers.TestInvoker$MethodInvocationAgent.invoke(TestInvoker.java:992)
at org.testng.internal.invokers.TestInvoker.invokeTestMethods(TestInvoker.java:203)
at org.testng.internal.invokers.TestMethodWorker.invokeTestMethods(TestMethodWorker.java:154)
at org.testng.internal.invokers.TestMethodWorker.run(TestMethodWorker.java:134)
at java.base/java.util.ArrayList.forEach(ArrayList.java:1597)
at org.testng.TestRunner.privateRun(TestRunner.java:739)
at org.testng.TestRunner.run(TestRunner.java:614)
at org.testng.SuiteRunner.runTest(SuiteRunner.java:421)
at org.testng.SuiteRunner.runSequentially(SuiteRunner.java:413)
at org.testng.SuiteRunner.privateRun(SuiteRunner.java:373)
at org.testng.SuiteRunner.run(SuiteRunner.java:312)
at org.testng.SuiteRunnerWorker.runSuite(SuiteRunnerWorker.java:52)
at org.testng.SuiteRunnerWorker.run(SuiteRunnerWorker.java:95)
at org.testng.TestNG.runSuitesSequentially(TestNG.java:1274)
at org.testng.TestNG.runSuitesLocally(TestNG.java:1208)
at org.testng.TestNG.runSuites(TestNG.java:1112)
at org.testng.TestNG.run(TestNG.java:1079)
at org.testng.remote.AbstractRemoteTestNG.run(AbstractRemoteTestNG.java:115)
at org.testng.remote.RemoteTestNG.initAndRun(RemoteTestNG.java:293)
at org.testng.remote.RemoteTestNG.main(RemoteTestNG.java:91)
]]>
    </error>
  </testcase> <!-- checkAllPriceCategoriesTest -->
  <testcase classname="com.airtech.qa.testcases.ProductPageTest" name="WishListSuccessTest" time="10.864"/>
</testsuite> <!-- com.airtech.qa.testcases.ProductPageTest -->
